<?xml version="1.0" encoding="UTF-8"?>
<testsuite xmlns:xsi="http://www.w3.org/2001/XMLSchema-instance" xsi:noNamespaceSchemaLocation="https://maven.apache.org/surefire/maven-surefire-plugin/xsd/surefire-test-report.xsd" name="com.aaron.mongodb.ArticleTest" time="3.9" tests="8" errors="8" skipped="0" failures="0">
  <properties>
[...]
</properties>
  <testcase name="testQueryByTitle" classname="com.aaron.mongodb.ArticleTest" time="0.107">
    <error message="None of the configured nodes are available: [{#transport#-1}{CJ5I5is0QwO5fQiZEcOZzA}{gordianknot}{192.168.56.101:9300}]" type="org.elasticsearch.client.transport.NoNodeAvailableException">org.elasticsearch.client.transport.NoNodeAvailableException: None of the configured nodes are available: [{#transport#-1}{CJ5I5is0QwO5fQiZEcOZzA}{gordianknot}{192.168.56.101:9300}]
	at com.aaron.mongodb.ArticleTest.testQueryByTitle(ArticleTest.java:59)
</error>
    <system-out><![CDATA[10:08:56.967 [main] DEBUG org.springframework.test.context.junit4.SpringJUnit4ClassRunner - SpringJUnit4ClassRunner constructor called with [class com.aaron.mongodb.ArticleTest]
10:08:56.973 [main] DEBUG org.springframework.test.context.BootstrapUtils - Instantiating CacheAwareContextLoaderDelegate from class [org.springframework.test.context.cache.DefaultCacheAwareContextLoaderDelegate]
10:08:56.979 [main] DEBUG org.springframework.test.context.BootstrapUtils - Instantiating BootstrapContext using constructor [public org.springframework.test.context.support.DefaultBootstrapContext(java.lang.Class,org.springframework.test.context.CacheAwareContextLoaderDelegate)]
10:08:56.995 [main] DEBUG org.springframework.test.context.BootstrapUtils - Instantiating TestContextBootstrapper for test class [com.aaron.mongodb.ArticleTest] from class [org.springframework.boot.test.context.SpringBootTestContextBootstrapper]
10:08:57.005 [main] INFO org.springframework.boot.test.context.SpringBootTestContextBootstrapper - Neither @ContextConfiguration nor @ContextHierarchy found for test class [com.aaron.mongodb.ArticleTest], using SpringBootContextLoader
10:08:57.008 [main] DEBUG org.springframework.test.context.support.AbstractContextLoader - Did not detect default resource location for test class [com.aaron.mongodb.ArticleTest]: class path resource [com/aaron/mongodb/ArticleTest-context.xml] does not exist
10:08:57.008 [main] DEBUG org.springframework.test.context.support.AbstractContextLoader - Did not detect default resource location for test class [com.aaron.mongodb.ArticleTest]: class path resource [com/aaron/mongodb/ArticleTestContext.groovy] does not exist
10:08:57.009 [main] INFO org.springframework.test.context.support.AbstractContextLoader - Could not detect default resource locations for test class [com.aaron.mongodb.ArticleTest]: no resource found for suffixes {-context.xml, Context.groovy}.
10:08:57.044 [main] DEBUG org.springframework.test.context.support.ActiveProfilesUtils - Could not find an 'annotation declaring class' for annotation type [org.springframework.test.context.ActiveProfiles] and class [com.aaron.mongodb.ArticleTest]
10:08:57.191 [main] DEBUG org.springframework.boot.test.context.SpringBootTestContextBootstrapper - @TestExecutionListeners is not present for class [com.aaron.mongodb.ArticleTest]: using defaults.
10:08:57.191 [main] INFO org.springframework.boot.test.context.SpringBootTestContextBootstrapper - Loaded default TestExecutionListener class names from location [META-INF/spring.factories]: [org.springframework.boot.test.mock.mockito.MockitoTestExecutionListener, org.springframework.boot.test.mock.mockito.ResetMocksTestExecutionListener, org.springframework.boot.test.autoconfigure.restdocs.RestDocsTestExecutionListener, org.springframework.boot.test.autoconfigure.web.client.MockRestServiceServerResetTestExecutionListener, org.springframework.boot.test.autoconfigure.web.servlet.MockMvcPrintOnlyOnFailureTestExecutionListener, org.springframework.boot.test.autoconfigure.web.servlet.WebDriverTestExecutionListener, org.springframework.test.context.web.ServletTestExecutionListener, org.springframework.test.context.support.DirtiesContextBeforeModesTestExecutionListener, org.springframework.test.context.support.DependencyInjectionTestExecutionListener, org.springframework.test.context.support.DirtiesContextTestExecutionListener, org.springframework.test.context.transaction.TransactionalTestExecutionListener, org.springframework.test.context.jdbc.SqlScriptsTestExecutionListener]
10:08:57.203 [main] INFO org.springframework.boot.test.context.SpringBootTestContextBootstrapper - Using TestExecutionListeners: [org.springframework.test.context.web.ServletTestExecutionListener@1e800aaa, org.springframework.test.context.support.DirtiesContextBeforeModesTestExecutionListener@185a6e9, org.springframework.boot.test.mock.mockito.MockitoTestExecutionListener@6f03482, org.springframework.boot.test.autoconfigure.SpringBootDependencyInjectionTestExecutionListener@9d5509a, org.springframework.test.context.support.DirtiesContextTestExecutionListener@179ece50, org.springframework.test.context.transaction.TransactionalTestExecutionListener@3b0090a4, org.springframework.test.context.jdbc.SqlScriptsTestExecutionListener@3cd3e762, org.springframework.boot.test.mock.mockito.ResetMocksTestExecutionListener@1fa121e2, org.springframework.boot.test.autoconfigure.restdocs.RestDocsTestExecutionListener@7eac9008, org.springframework.boot.test.autoconfigure.web.client.MockRestServiceServerResetTestExecutionListener@4116aac9, org.springframework.boot.test.autoconfigure.web.servlet.MockMvcPrintOnlyOnFailureTestExecutionListener@62ddbd7e, org.springframework.boot.test.autoconfigure.web.servlet.WebDriverTestExecutionListener@74e52ef6]
10:08:57.204 [main] DEBUG org.springframework.test.annotation.ProfileValueUtils - Retrieved @ProfileValueSourceConfiguration [null] for test class [com.aaron.mongodb.ArticleTest]
10:08:57.204 [main] DEBUG org.springframework.test.annotation.ProfileValueUtils - Retrieved ProfileValueSource type [class org.springframework.test.annotation.SystemProfileValueSource] for class [com.aaron.mongodb.ArticleTest]
10:08:57.206 [main] DEBUG org.springframework.test.annotation.ProfileValueUtils - Retrieved @ProfileValueSourceConfiguration [null] for test class [com.aaron.mongodb.ArticleTest]
10:08:57.206 [main] DEBUG org.springframework.test.annotation.ProfileValueUtils - Retrieved ProfileValueSource type [class org.springframework.test.annotation.SystemProfileValueSource] for class [com.aaron.mongodb.ArticleTest]
10:08:57.207 [main] DEBUG org.springframework.test.annotation.ProfileValueUtils - Retrieved @ProfileValueSourceConfiguration [null] for test class [com.aaron.mongodb.ArticleTest]
10:08:57.207 [main] DEBUG org.springframework.test.annotation.ProfileValueUtils - Retrieved ProfileValueSource type [class org.springframework.test.annotation.SystemProfileValueSource] for class [com.aaron.mongodb.ArticleTest]
10:08:57.210 [main] DEBUG org.springframework.test.context.support.AbstractDirtiesContextTestExecutionListener - Before test class: context [DefaultTestContext@2925bf5b testClass = ArticleTest, testInstance = [null], testMethod = [null], testException = [null], mergedContextConfiguration = [WebMergedContextConfiguration@710f4dc7 testClass = ArticleTest, locations = '{}', classes = '{class com.aaron.elasticsearch.App, class com.aaron.elasticsearch.App}', contextInitializerClasses = '[]', activeProfiles = '{}', propertySourceLocations = '{}', propertySourceProperties = '{org.springframework.boot.test.context.SpringBootTestContextBootstrapper=true}', contextCustomizers = set[org.springframework.boot.test.context.filter.ExcludeFilterContextCustomizer@319b92f3, org.springframework.boot.test.json.DuplicateJsonObjectContextCustomizerFactory$DuplicateJsonObjectContextCustomizer@5c18298f, org.springframework.boot.test.mock.mockito.MockitoContextCustomizer@0, org.springframework.boot.test.web.client.TestRestTemplateContextCustomizer@71623278, org.springframework.boot.test.autoconfigure.properties.PropertyMappingContextCustomizer@0, org.springframework.boot.test.autoconfigure.web.servlet.WebDriverContextCustomizerFactory$Customizer@43d7741f], resourceBasePath = 'src/main/webapp', contextLoader = 'org.springframework.boot.test.context.SpringBootContextLoader', parent = [null]], attributes = map['org.springframework.test.context.web.ServletTestExecutionListener.activateListener' -> true]], class annotated with @DirtiesContext [false] with mode [null].
10:08:57.210 [main] DEBUG org.springframework.test.annotation.ProfileValueUtils - Retrieved @ProfileValueSourceConfiguration [null] for test class [com.aaron.mongodb.ArticleTest]
10:08:57.210 [main] DEBUG org.springframework.test.annotation.ProfileValueUtils - Retrieved ProfileValueSource type [class org.springframework.test.annotation.SystemProfileValueSource] for class [com.aaron.mongodb.ArticleTest]
10:08:57.225 [main] DEBUG org.springframework.core.env.StandardEnvironment - Adding PropertySource 'systemProperties' with lowest search precedence
10:08:57.226 [main] DEBUG org.springframework.core.env.StandardEnvironment - Adding PropertySource 'systemEnvironment' with lowest search precedence
10:08:57.226 [main] DEBUG org.springframework.core.env.StandardEnvironment - Initialized StandardEnvironment with PropertySources [MapPropertySource@1112414583 {name='systemProperties', properties={java.runtime.name=Java(TM) SE Runtime Environment, sun.boot.library.path=/Library/Java/JavaVirtualMachines/jdk1.8.0_65.jdk/Contents/Home/jre/lib, java.vm.version=25.65-b01, gopherProxySet=false, java.vm.vendor=Oracle Corporation, java.vendor.url=http://java.oracle.com/, path.separator=:, java.vm.name=Java HotSpot(TM) 64-Bit Server VM, file.encoding.pkg=sun.io, user.country=TW, sun.java.launcher=SUN_STANDARD, sun.os.patch.level=unknown, java.vm.specification.name=Java Virtual Machine Specification, user.dir=/Users/Kevin/Agile-MAC/eclipseWorkspace-MAC/Spring-Cloud/Aaron-Cloud/elasticsearch/aaron-elasticsearch, java.runtime.version=1.8.0_65-b17, basedir=/Users/Kevin/Agile-MAC/eclipseWorkspace-MAC/Spring-Cloud/Aaron-Cloud/elasticsearch/aaron-elasticsearch, java.awt.graphicsenv=sun.awt.CGraphicsEnvironment, java.endorsed.dirs=/Library/Java/JavaVirtualMachines/jdk1.8.0_65.jdk/Contents/Home/jre/lib/endorsed, os.arch=x86_64, surefire.real.class.path=/Users/Kevin/Agile-MAC/eclipseWorkspace-MAC/Spring-Cloud/Aaron-Cloud/elasticsearch/aaron-elasticsearch/target/surefire/surefirebooter2207483327511194203.jar, java.io.tmpdir=/var/folders/0q/v2qclhys35ngf8rw4kbdm_mh0000gn/T/, line.separator=
, java.vm.specification.vendor=Oracle Corporation, os.name=Mac OS X, sun.jnu.encoding=UTF-8, java.library.path=/Users/Kevin/Library/Java/Extensions:/Library/Java/Extensions:/Network/Library/Java/Extensions:/System/Library/Java/Extensions:/usr/lib/java:., surefire.test.class.path=/Users/Kevin/Agile-MAC/eclipseWorkspace-MAC/Spring-Cloud/Aaron-Cloud/elasticsearch/aaron-elasticsearch/target/test-classes:/Users/Kevin/Agile-MAC/eclipseWorkspace-MAC/Spring-Cloud/Aaron-Cloud/elasticsearch/aaron-elasticsearch/target/classes:/Users/Kevin/.m2/repository/org/springframework/boot/spring-boot-starter-web/2.0.6.RELEASE/spring-boot-starter-web-2.0.6.RELEASE.jar:/Users/Kevin/.m2/repository/org/springframework/boot/spring-boot-starter/2.0.6.RELEASE/spring-boot-starter-2.0.6.RELEASE.jar:/Users/Kevin/.m2/repository/org/springframework/boot/spring-boot/2.0.6.RELEASE/spring-boot-2.0.6.RELEASE.jar:/Users/Kevin/.m2/repository/org/springframework/boot/spring-boot-autoconfigure/2.0.6.RELEASE/spring-boot-autoconfigure-2.0.6.RELEASE.jar:/Users/Kevin/.m2/repository/org/springframework/boot/spring-boot-starter-logging/2.0.6.RELEASE/spring-boot-starter-logging-2.0.6.RELEASE.jar:/Users/Kevin/.m2/repository/ch/qos/logback/logback-classic/1.2.3/logback-classic-1.2.3.jar:/Users/Kevin/.m2/repository/ch/qos/logback/logback-core/1.2.3/logback-core-1.2.3.jar:/Users/Kevin/.m2/repository/org/apache/logging/log4j/log4j-to-slf4j/2.10.0/log4j-to-slf4j-2.10.0.jar:/Users/Kevin/.m2/repository/org/slf4j/jul-to-slf4j/1.7.25/jul-to-slf4j-1.7.25.jar:/Users/Kevin/.m2/repository/javax/annotation/javax.annotation-api/1.3.2/javax.annotation-api-1.3.2.jar:/Users/Kevin/.m2/repository/org/yaml/snakeyaml/1.19/snakeyaml-1.19.jar:/Users/Kevin/.m2/repository/org/springframework/boot/spring-boot-starter-json/2.0.6.RELEASE/spring-boot-starter-json-2.0.6.RELEASE.jar:/Users/Kevin/.m2/repository/com/fasterxml/jackson/core/jackson-databind/2.9.7/jackson-databind-2.9.7.jar:/Users/Kevin/.m2/repository/com/fasterxml/jackson/core/jackson-annotations/2.9.0/jackson-annotations-2.9.0.jar:/Users/Kevin/.m2/repository/com/fasterxml/jackson/datatype/jackson-datatype-jdk8/2.9.7/jackson-datatype-jdk8-2.9.7.jar:/Users/Kevin/.m2/repository/com/fasterxml/jackson/datatype/jackson-datatype-jsr310/2.9.7/jackson-datatype-jsr310-2.9.7.jar:/Users/Kevin/.m2/repository/com/fasterxml/jackson/module/jackson-module-parameter-names/2.9.7/jackson-module-parameter-names-2.9.7.jar:/Users/Kevin/.m2/repository/org/springframework/boot/spring-boot-starter-tomcat/2.0.6.RELEASE/spring-boot-starter-tomcat-2.0.6.RELEASE.jar:/Users/Kevin/.m2/repository/org/apache/tomcat/embed/tomcat-embed-core/8.5.34/tomcat-embed-core-8.5.34.jar:/Users/Kevin/.m2/repository/org/apache/tomcat/embed/tomcat-embed-el/8.5.34/tomcat-embed-el-8.5.34.jar:/Users/Kevin/.m2/repository/org/apache/tomcat/embed/tomcat-embed-websocket/8.5.34/tomcat-embed-websocket-8.5.34.jar:/Users/Kevin/.m2/repository/org/hibernate/validator/hibernate-validator/6.0.13.Final/hibernate-validator-6.0.13.Final.jar:/Users/Kevin/.m2/repository/javax/validation/validation-api/2.0.1.Final/validation-api-2.0.1.Final.jar:/Users/Kevin/.m2/repository/org/jboss/logging/jboss-logging/3.3.2.Final/jboss-logging-3.3.2.Final.jar:/Users/Kevin/.m2/repository/com/fasterxml/classmate/1.3.4/classmate-1.3.4.jar:/Users/Kevin/.m2/repository/org/springframework/spring-web/5.0.10.RELEASE/spring-web-5.0.10.RELEASE.jar:/Users/Kevin/.m2/repository/org/springframework/spring-beans/5.0.10.RELEASE/spring-beans-5.0.10.RELEASE.jar:/Users/Kevin/.m2/repository/org/springframework/spring-webmvc/5.0.10.RELEASE/spring-webmvc-5.0.10.RELEASE.jar:/Users/Kevin/.m2/repository/org/springframework/spring-aop/5.0.10.RELEASE/spring-aop-5.0.10.RELEASE.jar:/Users/Kevin/.m2/repository/org/springframework/spring-context/5.0.10.RELEASE/spring-context-5.0.10.RELEASE.jar:/Users/Kevin/.m2/repository/org/springframework/spring-expression/5.0.10.RELEASE/spring-expression-5.0.10.RELEASE.jar:/Users/Kevin/.m2/repository/org/springframework/boot/spring-boot-starter-data-elasticsearch/2.0.6.RELEASE/spring-boot-starter-data-elasticsearch-2.0.6.RELEASE.jar:/Users/Kevin/.m2/repository/org/springframework/data/spring-data-elasticsearch/3.0.11.RELEASE/spring-data-elasticsearch-3.0.11.RELEASE.jar:/Users/Kevin/.m2/repository/org/springframework/spring-tx/5.0.10.RELEASE/spring-tx-5.0.10.RELEASE.jar:/Users/Kevin/.m2/repository/org/springframework/data/spring-data-commons/2.0.11.RELEASE/spring-data-commons-2.0.11.RELEASE.jar:/Users/Kevin/.m2/repository/joda-time/joda-time/2.9.9/joda-time-2.9.9.jar:/Users/Kevin/.m2/repository/org/elasticsearch/client/transport/5.6.12/transport-5.6.12.jar:/Users/Kevin/.m2/repository/org/elasticsearch/elasticsearch/5.6.12/elasticsearch-5.6.12.jar:/Users/Kevin/.m2/repository/org/apache/lucene/lucene-core/6.6.1/lucene-core-6.6.1.jar:/Users/Kevin/.m2/repository/org/apache/lucene/lucene-analyzers-common/6.6.1/lucene-analyzers-common-6.6.1.jar:/Users/Kevin/.m2/repository/org/apache/lucene/lucene-backward-codecs/6.6.1/lucene-backward-codecs-6.6.1.jar:/Users/Kevin/.m2/repository/org/apache/lucene/lucene-grouping/6.6.1/lucene-grouping-6.6.1.jar:/Users/Kevin/.m2/repository/org/apache/lucene/lucene-highlighter/6.6.1/lucene-highlighter-6.6.1.jar:/Users/Kevin/.m2/repository/org/apache/lucene/lucene-join/6.6.1/lucene-join-6.6.1.jar:/Users/Kevin/.m2/repository/org/apache/lucene/lucene-memory/6.6.1/lucene-memory-6.6.1.jar:/Users/Kevin/.m2/repository/org/apache/lucene/lucene-misc/6.6.1/lucene-misc-6.6.1.jar:/Users/Kevin/.m2/repository/org/apache/lucene/lucene-queries/6.6.1/lucene-queries-6.6.1.jar:/Users/Kevin/.m2/repository/org/apache/lucene/lucene-queryparser/6.6.1/lucene-queryparser-6.6.1.jar:/Users/Kevin/.m2/repository/org/apache/lucene/lucene-sandbox/6.6.1/lucene-sandbox-6.6.1.jar:/Users/Kevin/.m2/repository/org/apache/lucene/lucene-spatial/6.6.1/lucene-spatial-6.6.1.jar:/Users/Kevin/.m2/repository/org/apache/lucene/lucene-spatial-extras/6.6.1/lucene-spatial-extras-6.6.1.jar:/Users/Kevin/.m2/repository/org/apache/lucene/lucene-spatial3d/6.6.1/lucene-spatial3d-6.6.1.jar:/Users/Kevin/.m2/repository/org/apache/lucene/lucene-suggest/6.6.1/lucene-suggest-6.6.1.jar:/Users/Kevin/.m2/repository/org/elasticsearch/securesm/1.2/securesm-1.2.jar:/Users/Kevin/.m2/repository/net/sf/jopt-simple/jopt-simple/5.0.2/jopt-simple-5.0.2.jar:/Users/Kevin/.m2/repository/com/carrotsearch/hppc/0.7.1/hppc-0.7.1.jar:/Users/Kevin/.m2/repository/com/fasterxml/jackson/dataformat/jackson-dataformat-smile/2.9.7/jackson-dataformat-smile-2.9.7.jar:/Users/Kevin/.m2/repository/com/fasterxml/jackson/dataformat/jackson-dataformat-yaml/2.9.7/jackson-dataformat-yaml-2.9.7.jar:/Users/Kevin/.m2/repository/com/fasterxml/jackson/dataformat/jackson-dataformat-cbor/2.9.7/jackson-dataformat-cbor-2.9.7.jar:/Users/Kevin/.m2/repository/com/tdunning/t-digest/3.0/t-digest-3.0.jar:/Users/Kevin/.m2/repository/org/hdrhistogram/HdrHistogram/2.1.9/HdrHistogram-2.1.9.jar:/Users/Kevin/.m2/repository/org/elasticsearch/plugin/reindex-client/5.6.12/reindex-client-5.6.12.jar:/Users/Kevin/.m2/repository/org/elasticsearch/client/elasticsearch-rest-client/5.6.12/elasticsearch-rest-client-5.6.12.jar:/Users/Kevin/.m2/repository/org/apache/httpcomponents/httpclient/4.5.6/httpclient-4.5.6.jar:/Users/Kevin/.m2/repository/org/apache/httpcomponents/httpcore/4.4.10/httpcore-4.4.10.jar:/Users/Kevin/.m2/repository/org/apache/httpcomponents/httpasyncclient/4.1.4/httpasyncclient-4.1.4.jar:/Users/Kevin/.m2/repository/org/apache/httpcomponents/httpcore-nio/4.4.10/httpcore-nio-4.4.10.jar:/Users/Kevin/.m2/repository/commons-codec/commons-codec/1.11/commons-codec-1.11.jar:/Users/Kevin/.m2/repository/org/elasticsearch/plugin/lang-mustache-client/5.6.12/lang-mustache-client-5.6.12.jar:/Users/Kevin/.m2/repository/com/github/spullara/mustache/java/compiler/0.9.3/compiler-0.9.3.jar:/Users/Kevin/.m2/repository/org/elasticsearch/plugin/percolator-client/5.6.12/percolator-client-5.6.12.jar:/Users/Kevin/.m2/repository/org/elasticsearch/plugin/parent-join-client/5.6.12/parent-join-client-5.6.12.jar:/Users/Kevin/.m2/repository/org/elasticsearch/plugin/transport-netty4-client/5.6.12/transport-netty4-client-5.6.12.jar:/Users/Kevin/.m2/repository/io/netty/netty-buffer/4.1.29.Final/netty-buffer-4.1.29.Final.jar:/Users/Kevin/.m2/repository/io/netty/netty-codec/4.1.29.Final/netty-codec-4.1.29.Final.jar:/Users/Kevin/.m2/repository/io/netty/netty-codec-http/4.1.29.Final/netty-codec-http-4.1.29.Final.jar:/Users/Kevin/.m2/repository/io/netty/netty-common/4.1.29.Final/netty-common-4.1.29.Final.jar:/Users/Kevin/.m2/repository/io/netty/netty-handler/4.1.29.Final/netty-handler-4.1.29.Final.jar:/Users/Kevin/.m2/repository/io/netty/netty-resolver/4.1.29.Final/netty-resolver-4.1.29.Final.jar:/Users/Kevin/.m2/repository/io/netty/netty-transport/4.1.29.Final/netty-transport-4.1.29.Final.jar:/Users/Kevin/.m2/repository/org/locationtech/spatial4j/spatial4j/0.6/spatial4j-0.6.jar:/Users/Kevin/.m2/repository/com/vividsolutions/jts/1.13/jts-1.13.jar:/Users/Kevin/.m2/repository/org/apache/logging/log4j/log4j-api/2.10.0/log4j-api-2.10.0.jar:/Users/Kevin/.m2/repository/org/elasticsearch/jna/4.4.0-1/jna-4.4.0-1.jar:/Users/Kevin/.m2/repository/com/fasterxml/jackson/core/jackson-core/2.9.7/jackson-core-2.9.7.jar:/Users/Kevin/.m2/repository/org/slf4j/slf4j-api/1.7.25/slf4j-api-1.7.25.jar:/Users/Kevin/.m2/repository/org/projectlombok/lombok/1.16.22/lombok-1.16.22.jar:/Users/Kevin/.m2/repository/org/springframework/boot/spring-boot-starter-test/2.0.6.RELEASE/spring-boot-starter-test-2.0.6.RELEASE.jar:/Users/Kevin/.m2/repository/org/springframework/boot/spring-boot-test/2.0.6.RELEASE/spring-boot-test-2.0.6.RELEASE.jar:/Users/Kevin/.m2/repository/org/springframework/boot/spring-boot-test-autoconfigure/2.0.6.RELEASE/spring-boot-test-autoconfigure-2.0.6.RELEASE.jar:/Users/Kevin/.m2/repository/com/jayway/jsonpath/json-path/2.4.0/json-path-2.4.0.jar:/Users/Kevin/.m2/repository/net/minidev/json-smart/2.3/json-smart-2.3.jar:/Users/Kevin/.m2/repository/net/minidev/accessors-smart/1.2/accessors-smart-1.2.jar:/Users/Kevin/.m2/repository/org/ow2/asm/asm/5.0.4/asm-5.0.4.jar:/Users/Kevin/.m2/repository/junit/junit/4.12/junit-4.12.jar:/Users/Kevin/.m2/repository/org/assertj/assertj-core/3.9.1/assertj-core-3.9.1.jar:/Users/Kevin/.m2/repository/org/mockito/mockito-core/2.15.0/mockito-core-2.15.0.jar:/Users/Kevin/.m2/repository/net/bytebuddy/byte-buddy/1.7.11/byte-buddy-1.7.11.jar:/Users/Kevin/.m2/repository/net/bytebuddy/byte-buddy-agent/1.7.11/byte-buddy-agent-1.7.11.jar:/Users/Kevin/.m2/repository/org/objenesis/objenesis/2.6/objenesis-2.6.jar:/Users/Kevin/.m2/repository/org/hamcrest/hamcrest-core/1.3/hamcrest-core-1.3.jar:/Users/Kevin/.m2/repository/org/hamcrest/hamcrest-library/1.3/hamcrest-library-1.3.jar:/Users/Kevin/.m2/repository/org/skyscreamer/jsonassert/1.5.0/jsonassert-1.5.0.jar:/Users/Kevin/.m2/repository/com/vaadin/external/google/android-json/0.0.20131108.vaadin1/android-json-0.0.20131108.vaadin1.jar:/Users/Kevin/.m2/repository/org/springframework/spring-core/5.0.10.RELEASE/spring-core-5.0.10.RELEASE.jar:/Users/Kevin/.m2/repository/org/springframework/spring-jcl/5.0.10.RELEASE/spring-jcl-5.0.10.RELEASE.jar:/Users/Kevin/.m2/repository/org/springframework/spring-test/5.0.10.RELEASE/spring-test-5.0.10.RELEASE.jar:/Users/Kevin/.m2/repository/org/xmlunit/xmlunit-core/2.5.1/xmlunit-core-2.5.1.jar:, java.specification.name=Java Platform API Specification, java.class.version=52.0, sun.management.compiler=HotSpot 64-Bit Tiered Compilers, os.version=10.15, user.home=/Users/Kevin, user.timezone=Asia/Taipei, java.awt.printerjob=sun.lwawt.macosx.CPrinterJob, file.encoding=UTF-8, java.specification.version=1.8, java.class.path=/Users/Kevin/Agile-MAC/eclipseWorkspace-MAC/Spring-Cloud/Aaron-Cloud/elasticsearch/aaron-elasticsearch/target/test-classes:/Users/Kevin/Agile-MAC/eclipseWorkspace-MAC/Spring-Cloud/Aaron-Cloud/elasticsearch/aaron-elasticsearch/target/classes:/Users/Kevin/.m2/repository/org/springframework/boot/spring-boot-starter-web/2.0.6.RELEASE/spring-boot-starter-web-2.0.6.RELEASE.jar:/Users/Kevin/.m2/repository/org/springframework/boot/spring-boot-starter/2.0.6.RELEASE/spring-boot-starter-2.0.6.RELEASE.jar:/Users/Kevin/.m2/repository/org/springframework/boot/spring-boot/2.0.6.RELEASE/spring-boot-2.0.6.RELEASE.jar:/Users/Kevin/.m2/repository/org/springframework/boot/spring-boot-autoconfigure/2.0.6.RELEASE/spring-boot-autoconfigure-2.0.6.RELEASE.jar:/Users/Kevin/.m2/repository/org/springframework/boot/spring-boot-starter-logging/2.0.6.RELEASE/spring-boot-starter-logging-2.0.6.RELEASE.jar:/Users/Kevin/.m2/repository/ch/qos/logback/logback-classic/1.2.3/logback-classic-1.2.3.jar:/Users/Kevin/.m2/repository/ch/qos/logback/logback-core/1.2.3/logback-core-1.2.3.jar:/Users/Kevin/.m2/repository/org/apache/logging/log4j/log4j-to-slf4j/2.10.0/log4j-to-slf4j-2.10.0.jar:/Users/Kevin/.m2/repository/org/slf4j/jul-to-slf4j/1.7.25/jul-to-slf4j-1.7.25.jar:/Users/Kevin/.m2/repository/javax/annotation/javax.annotation-api/1.3.2/javax.annotation-api-1.3.2.jar:/Users/Kevin/.m2/repository/org/yaml/snakeyaml/1.19/snakeyaml-1.19.jar:/Users/Kevin/.m2/repository/org/springframework/boot/spring-boot-starter-json/2.0.6.RELEASE/spring-boot-starter-json-2.0.6.RELEASE.jar:/Users/Kevin/.m2/repository/com/fasterxml/jackson/core/jackson-databind/2.9.7/jackson-databind-2.9.7.jar:/Users/Kevin/.m2/repository/com/fasterxml/jackson/core/jackson-annotations/2.9.0/jackson-annotations-2.9.0.jar:/Users/Kevin/.m2/repository/com/fasterxml/jackson/datatype/jackson-datatype-jdk8/2.9.7/jackson-datatype-jdk8-2.9.7.jar:/Users/Kevin/.m2/repository/com/fasterxml/jackson/datatype/jackson-datatype-jsr310/2.9.7/jackson-datatype-jsr310-2.9.7.jar:/Users/Kevin/.m2/repository/com/fasterxml/jackson/module/jackson-module-parameter-names/2.9.7/jackson-module-parameter-names-2.9.7.jar:/Users/Kevin/.m2/repository/org/springframework/boot/spring-boot-starter-tomcat/2.0.6.RELEASE/spring-boot-starter-tomcat-2.0.6.RELEASE.jar:/Users/Kevin/.m2/repository/org/apache/tomcat/embed/tomcat-embed-core/8.5.34/tomcat-embed-core-8.5.34.jar:/Users/Kevin/.m2/repository/org/apache/tomcat/embed/tomcat-embed-el/8.5.34/tomcat-embed-el-8.5.34.jar:/Users/Kevin/.m2/repository/org/apache/tomcat/embed/tomcat-embed-websocket/8.5.34/tomcat-embed-websocket-8.5.34.jar:/Users/Kevin/.m2/repository/org/hibernate/validator/hibernate-validator/6.0.13.Final/hibernate-validator-6.0.13.Final.jar:/Users/Kevin/.m2/repository/javax/validation/validation-api/2.0.1.Final/validation-api-2.0.1.Final.jar:/Users/Kevin/.m2/repository/org/jboss/logging/jboss-logging/3.3.2.Final/jboss-logging-3.3.2.Final.jar:/Users/Kevin/.m2/repository/com/fasterxml/classmate/1.3.4/classmate-1.3.4.jar:/Users/Kevin/.m2/repository/org/springframework/spring-web/5.0.10.RELEASE/spring-web-5.0.10.RELEASE.jar:/Users/Kevin/.m2/repository/org/springframework/spring-beans/5.0.10.RELEASE/spring-beans-5.0.10.RELEASE.jar:/Users/Kevin/.m2/repository/org/springframework/spring-webmvc/5.0.10.RELEASE/spring-webmvc-5.0.10.RELEASE.jar:/Users/Kevin/.m2/repository/org/springframework/spring-aop/5.0.10.RELEASE/spring-aop-5.0.10.RELEASE.jar:/Users/Kevin/.m2/repository/org/springframework/spring-context/5.0.10.RELEASE/spring-context-5.0.10.RELEASE.jar:/Users/Kevin/.m2/repository/org/springframework/spring-expression/5.0.10.RELEASE/spring-expression-5.0.10.RELEASE.jar:/Users/Kevin/.m2/repository/org/springframework/boot/spring-boot-starter-data-elasticsearch/2.0.6.RELEASE/spring-boot-starter-data-elasticsearch-2.0.6.RELEASE.jar:/Users/Kevin/.m2/repository/org/springframework/data/spring-data-elasticsearch/3.0.11.RELEASE/spring-data-elasticsearch-3.0.11.RELEASE.jar:/Users/Kevin/.m2/repository/org/springframework/spring-tx/5.0.10.RELEASE/spring-tx-5.0.10.RELEASE.jar:/Users/Kevin/.m2/repository/org/springframework/data/spring-data-commons/2.0.11.RELEASE/spring-data-commons-2.0.11.RELEASE.jar:/Users/Kevin/.m2/repository/joda-time/joda-time/2.9.9/joda-time-2.9.9.jar:/Users/Kevin/.m2/repository/org/elasticsearch/client/transport/5.6.12/transport-5.6.12.jar:/Users/Kevin/.m2/repository/org/elasticsearch/elasticsearch/5.6.12/elasticsearch-5.6.12.jar:/Users/Kevin/.m2/repository/org/apache/lucene/lucene-core/6.6.1/lucene-core-6.6.1.jar:/Users/Kevin/.m2/repository/org/apache/lucene/lucene-analyzers-common/6.6.1/lucene-analyzers-common-6.6.1.jar:/Users/Kevin/.m2/repository/org/apache/lucene/lucene-backward-codecs/6.6.1/lucene-backward-codecs-6.6.1.jar:/Users/Kevin/.m2/repository/org/apache/lucene/lucene-grouping/6.6.1/lucene-grouping-6.6.1.jar:/Users/Kevin/.m2/repository/org/apache/lucene/lucene-highlighter/6.6.1/lucene-highlighter-6.6.1.jar:/Users/Kevin/.m2/repository/org/apache/lucene/lucene-join/6.6.1/lucene-join-6.6.1.jar:/Users/Kevin/.m2/repository/org/apache/lucene/lucene-memory/6.6.1/lucene-memory-6.6.1.jar:/Users/Kevin/.m2/repository/org/apache/lucene/lucene-misc/6.6.1/lucene-misc-6.6.1.jar:/Users/Kevin/.m2/repository/org/apache/lucene/lucene-queries/6.6.1/lucene-queries-6.6.1.jar:/Users/Kevin/.m2/repository/org/apache/lucene/lucene-queryparser/6.6.1/lucene-queryparser-6.6.1.jar:/Users/Kevin/.m2/repository/org/apache/lucene/lucene-sandbox/6.6.1/lucene-sandbox-6.6.1.jar:/Users/Kevin/.m2/repository/org/apache/lucene/lucene-spatial/6.6.1/lucene-spatial-6.6.1.jar:/Users/Kevin/.m2/repository/org/apache/lucene/lucene-spatial-extras/6.6.1/lucene-spatial-extras-6.6.1.jar:/Users/Kevin/.m2/repository/org/apache/lucene/lucene-spatial3d/6.6.1/lucene-spatial3d-6.6.1.jar:/Users/Kevin/.m2/repository/org/apache/lucene/lucene-suggest/6.6.1/lucene-suggest-6.6.1.jar:/Users/Kevin/.m2/repository/org/elasticsearch/securesm/1.2/securesm-1.2.jar:/Users/Kevin/.m2/repository/net/sf/jopt-simple/jopt-simple/5.0.2/jopt-simple-5.0.2.jar:/Users/Kevin/.m2/repository/com/carrotsearch/hppc/0.7.1/hppc-0.7.1.jar:/Users/Kevin/.m2/repository/com/fasterxml/jackson/dataformat/jackson-dataformat-smile/2.9.7/jackson-dataformat-smile-2.9.7.jar:/Users/Kevin/.m2/repository/com/fasterxml/jackson/dataformat/jackson-dataformat-yaml/2.9.7/jackson-dataformat-yaml-2.9.7.jar:/Users/Kevin/.m2/repository/com/fasterxml/jackson/dataformat/jackson-dataformat-cbor/2.9.7/jackson-dataformat-cbor-2.9.7.jar:/Users/Kevin/.m2/repository/com/tdunning/t-digest/3.0/t-digest-3.0.jar:/Users/Kevin/.m2/repository/org/hdrhistogram/HdrHistogram/2.1.9/HdrHistogram-2.1.9.jar:/Users/Kevin/.m2/repository/org/elasticsearch/plugin/reindex-client/5.6.12/reindex-client-5.6.12.jar:/Users/Kevin/.m2/repository/org/elasticsearch/client/elasticsearch-rest-client/5.6.12/elasticsearch-rest-client-5.6.12.jar:/Users/Kevin/.m2/repository/org/apache/httpcomponents/httpclient/4.5.6/httpclient-4.5.6.jar:/Users/Kevin/.m2/repository/org/apache/httpcomponents/httpcore/4.4.10/httpcore-4.4.10.jar:/Users/Kevin/.m2/repository/org/apache/httpcomponents/httpasyncclient/4.1.4/httpasyncclient-4.1.4.jar:/Users/Kevin/.m2/repository/org/apache/httpcomponents/httpcore-nio/4.4.10/httpcore-nio-4.4.10.jar:/Users/Kevin/.m2/repository/commons-codec/commons-codec/1.11/commons-codec-1.11.jar:/Users/Kevin/.m2/repository/org/elasticsearch/plugin/lang-mustache-client/5.6.12/lang-mustache-client-5.6.12.jar:/Users/Kevin/.m2/repository/com/github/spullara/mustache/java/compiler/0.9.3/compiler-0.9.3.jar:/Users/Kevin/.m2/repository/org/elasticsearch/plugin/percolator-client/5.6.12/percolator-client-5.6.12.jar:/Users/Kevin/.m2/repository/org/elasticsearch/plugin/parent-join-client/5.6.12/parent-join-client-5.6.12.jar:/Users/Kevin/.m2/repository/org/elasticsearch/plugin/transport-netty4-client/5.6.12/transport-netty4-client-5.6.12.jar:/Users/Kevin/.m2/repository/io/netty/netty-buffer/4.1.29.Final/netty-buffer-4.1.29.Final.jar:/Users/Kevin/.m2/repository/io/netty/netty-codec/4.1.29.Final/netty-codec-4.1.29.Final.jar:/Users/Kevin/.m2/repository/io/netty/netty-codec-http/4.1.29.Final/netty-codec-http-4.1.29.Final.jar:/Users/Kevin/.m2/repository/io/netty/netty-common/4.1.29.Final/netty-common-4.1.29.Final.jar:/Users/Kevin/.m2/repository/io/netty/netty-handler/4.1.29.Final/netty-handler-4.1.29.Final.jar:/Users/Kevin/.m2/repository/io/netty/netty-resolver/4.1.29.Final/netty-resolver-4.1.29.Final.jar:/Users/Kevin/.m2/repository/io/netty/netty-transport/4.1.29.Final/netty-transport-4.1.29.Final.jar:/Users/Kevin/.m2/repository/org/locationtech/spatial4j/spatial4j/0.6/spatial4j-0.6.jar:/Users/Kevin/.m2/repository/com/vividsolutions/jts/1.13/jts-1.13.jar:/Users/Kevin/.m2/repository/org/apache/logging/log4j/log4j-api/2.10.0/log4j-api-2.10.0.jar:/Users/Kevin/.m2/repository/org/elasticsearch/jna/4.4.0-1/jna-4.4.0-1.jar:/Users/Kevin/.m2/repository/com/fasterxml/jackson/core/jackson-core/2.9.7/jackson-core-2.9.7.jar:/Users/Kevin/.m2/repository/org/slf4j/slf4j-api/1.7.25/slf4j-api-1.7.25.jar:/Users/Kevin/.m2/repository/org/projectlombok/lombok/1.16.22/lombok-1.16.22.jar:/Users/Kevin/.m2/repository/org/springframework/boot/spring-boot-starter-test/2.0.6.RELEASE/spring-boot-starter-test-2.0.6.RELEASE.jar:/Users/Kevin/.m2/repository/org/springframework/boot/spring-boot-test/2.0.6.RELEASE/spring-boot-test-2.0.6.RELEASE.jar:/Users/Kevin/.m2/repository/org/springframework/boot/spring-boot-test-autoconfigure/2.0.6.RELEASE/spring-boot-test-autoconfigure-2.0.6.RELEASE.jar:/Users/Kevin/.m2/repository/com/jayway/jsonpath/json-path/2.4.0/json-path-2.4.0.jar:/Users/Kevin/.m2/repository/net/minidev/json-smart/2.3/json-smart-2.3.jar:/Users/Kevin/.m2/repository/net/minidev/accessors-smart/1.2/accessors-smart-1.2.jar:/Users/Kevin/.m2/repository/org/ow2/asm/asm/5.0.4/asm-5.0.4.jar:/Users/Kevin/.m2/repository/junit/junit/4.12/junit-4.12.jar:/Users/Kevin/.m2/repository/org/assertj/assertj-core/3.9.1/assertj-core-3.9.1.jar:/Users/Kevin/.m2/repository/org/mockito/mockito-core/2.15.0/mockito-core-2.15.0.jar:/Users/Kevin/.m2/repository/net/bytebuddy/byte-buddy/1.7.11/byte-buddy-1.7.11.jar:/Users/Kevin/.m2/repository/net/bytebuddy/byte-buddy-agent/1.7.11/byte-buddy-agent-1.7.11.jar:/Users/Kevin/.m2/repository/org/objenesis/objenesis/2.6/objenesis-2.6.jar:/Users/Kevin/.m2/repository/org/hamcrest/hamcrest-core/1.3/hamcrest-core-1.3.jar:/Users/Kevin/.m2/repository/org/hamcrest/hamcrest-library/1.3/hamcrest-library-1.3.jar:/Users/Kevin/.m2/repository/org/skyscreamer/jsonassert/1.5.0/jsonassert-1.5.0.jar:/Users/Kevin/.m2/repository/com/vaadin/external/google/android-json/0.0.20131108.vaadin1/android-json-0.0.20131108.vaadin1.jar:/Users/Kevin/.m2/repository/org/springframework/spring-core/5.0.10.RELEASE/spring-core-5.0.10.RELEASE.jar:/Users/Kevin/.m2/repository/org/springframework/spring-jcl/5.0.10.RELEASE/spring-jcl-5.0.10.RELEASE.jar:/Users/Kevin/.m2/repository/org/springframework/spring-test/5.0.10.RELEASE/spring-test-5.0.10.RELEASE.jar:/Users/Kevin/.m2/repository/org/xmlunit/xmlunit-core/2.5.1/xmlunit-core-2.5.1.jar:, user.name=Kevin, java.vm.specification.version=1.8, sun.java.command=/Users/Kevin/Agile-MAC/eclipseWorkspace-MAC/Spring-Cloud/Aaron-Cloud/elasticsearch/aaron-elasticsearch/target/surefire/surefirebooter2207483327511194203.jar /Users/Kevin/Agile-MAC/eclipseWorkspace-MAC/Spring-Cloud/Aaron-Cloud/elasticsearch/aaron-elasticsearch/target/surefire 2019-09-04T10-08-56_346-jvmRun1 surefire2333647379498749407tmp surefire_01246601497711450186tmp, java.home=/Library/Java/JavaVirtualMachines/jdk1.8.0_65.jdk/Contents/Home/jre, sun.arch.data.model=64, user.language=zh, java.specification.vendor=Oracle Corporation, awt.toolkit=sun.lwawt.macosx.LWCToolkit, java.vm.info=mixed mode, java.version=1.8.0_65, java.ext.dirs=/Users/Kevin/Library/Java/Extensions:/Library/Java/JavaVirtualMachines/jdk1.8.0_65.jdk/Contents/Home/jre/lib/ext:/Library/Java/Extensions:/Network/Library/Java/Extensions:/System/Library/Java/Extensions:/usr/lib/java, sun.boot.class.path=/Library/Java/JavaVirtualMachines/jdk1.8.0_65.jdk/Contents/Home/jre/lib/resources.jar:/Library/Java/JavaVirtualMachines/jdk1.8.0_65.jdk/Contents/Home/jre/lib/rt.jar:/Library/Java/JavaVirtualMachines/jdk1.8.0_65.jdk/Contents/Home/jre/lib/sunrsasign.jar:/Library/Java/JavaVirtualMachines/jdk1.8.0_65.jdk/Contents/Home/jre/lib/jsse.jar:/Library/Java/JavaVirtualMachines/jdk1.8.0_65.jdk/Contents/Home/jre/lib/jce.jar:/Library/Java/JavaVirtualMachines/jdk1.8.0_65.jdk/Contents/Home/jre/lib/charsets.jar:/Library/Java/JavaVirtualMachines/jdk1.8.0_65.jdk/Contents/Home/jre/lib/jfr.jar:/Library/Java/JavaVirtualMachines/jdk1.8.0_65.jdk/Contents/Home/jre/classes, java.vendor=Oracle Corporation, localRepository=/Users/Kevin/.m2/repository, file.separator=/, java.vendor.url.bug=http://bugreport.sun.com/bugreport/, sun.io.unicode.encoding=UnicodeBig, sun.cpu.endian=little, sun.cpu.isalist=}}, SystemEnvironmentPropertySource@282496973 {name='systemEnvironment', properties={PATH=/usr/bin:/bin:/usr/sbin:/sbin, APP_ICON_13795=../Resources/Eclipse.icns, SHELL=/bin/bash, SQLITE_EXEMPT_PATH_FROM_VNODE_GUARDS=/Users/Kevin/Library/WebKit/Databases, OLDPWD=/Users/Kevin/Agile-MAC/eclipseWorkspace-MAC/Spring-Cloud/Aaron-Cloud/elasticsearch/aaron-elasticsearch, USER=Kevin, JAVA_STARTED_ON_FIRST_THREAD_13795=1, TMPDIR=/var/folders/0q/v2qclhys35ngf8rw4kbdm_mh0000gn/T/, SSH_AUTH_SOCK=/private/tmp/com.apple.launchd.QHbX5aj3nB/Listeners, DISPLAY=/private/tmp/com.apple.launchd.wSdnTXhWJM/org.macosforge.xquartz:0, JAVA_MAIN_CLASS_22062=org.apache.maven.surefire.booter.ForkedBooter, XPC_FLAGS=0x0, JAVA_MAIN_CLASS_22060=org.codehaus.plexus.classworlds.launcher.Launcher, __CF_USER_TEXT_ENCODING=0x1F5:0x2:0x35, LOGNAME=Kevin, XPC_SERVICE_NAME=0, PWD=/Users/Kevin/Agile-MAC/eclipseWorkspace-MAC/Spring-Cloud/Aaron-Cloud/elasticsearch/aaron-elasticsearch, HOME=/Users/Kevin, SHLVL=1, _=/Library/Java/JavaVirtualMachines/jdk1.8.0_65.jdk/Contents/Home/jre/bin/java}}]
10:08:57.228 [main] DEBUG org.springframework.test.context.support.TestPropertySourceUtils - Adding inlined properties to environment: {spring.jmx.enabled=false, org.springframework.boot.test.context.SpringBootTestContextBootstrapper=true, server.port=-1}
10:08:57.228 [main] DEBUG org.springframework.core.env.StandardEnvironment - Adding PropertySource 'Inlined Test Properties' with highest search precedence

  .   ____          _            __ _ _
 /\\ / ___'_ __ _ _(_)_ __  __ _ \ \ \ \
( ( )\___ | '_ | '_| | '_ \/ _` | \ \ \ \
 \\/  ___)| |_)| | | | | || (_| |  ) ) ) )
  '  |____| .__|_| |_|_| |_\__, | / / / /
 =========|_|==============|___/=/_/_/_/
 :: Spring Boot ::        (v2.0.6.RELEASE)

2019-09-04 10:08:57.413  INFO 22062 --- [           main] com.aaron.mongodb.ArticleTest            : Starting ArticleTest on Kevins-MacBook-Pro with PID 22062 (started by Kevin in /Users/Kevin/Agile-MAC/eclipseWorkspace-MAC/Spring-Cloud/Aaron-Cloud/elasticsearch/aaron-elasticsearch)
2019-09-04 10:08:57.415  INFO 22062 --- [           main] com.aaron.mongodb.ArticleTest            : No active profile set, falling back to default profiles: default
2019-09-04 10:08:57.451  INFO 22062 --- [           main] o.s.w.c.s.GenericWebApplicationContext   : Refreshing org.springframework.web.context.support.GenericWebApplicationContext@16eb3ea3: startup date [Wed Sep 04 10:08:57 CST 2019]; root of context hierarchy
2019-09-04 10:08:58.479  INFO 22062 --- [           main] o.elasticsearch.plugins.PluginsService   : no modules loaded
2019-09-04 10:08:58.481  INFO 22062 --- [           main] o.elasticsearch.plugins.PluginsService   : loaded plugin [org.elasticsearch.index.reindex.ReindexPlugin]
2019-09-04 10:08:58.481  INFO 22062 --- [           main] o.elasticsearch.plugins.PluginsService   : loaded plugin [org.elasticsearch.join.ParentJoinPlugin]
2019-09-04 10:08:58.481  INFO 22062 --- [           main] o.elasticsearch.plugins.PluginsService   : loaded plugin [org.elasticsearch.percolator.PercolatorPlugin]
2019-09-04 10:08:58.481  INFO 22062 --- [           main] o.elasticsearch.plugins.PluginsService   : loaded plugin [org.elasticsearch.script.mustache.MustachePlugin]
2019-09-04 10:08:58.481  INFO 22062 --- [           main] o.elasticsearch.plugins.PluginsService   : loaded plugin [org.elasticsearch.transport.Netty4Plugin]
2019-09-04 10:08:59.288  INFO 22062 --- [           main] o.s.d.e.c.TransportClientFactoryBean     : Adding transport node : 192.168.56.101:9300
2019-09-04 10:08:59.427  WARN 22062 --- [           main] o.e.c.t.TransportClientNodesService      : node {#transport#-1}{CJ5I5is0QwO5fQiZEcOZzA}{gordianknot}{192.168.56.101:9300} not part of the cluster Cluster [aaron-elasticsearch], ignoring...
2019-09-04 10:08:59.740  INFO 22062 --- [           main] o.s.w.s.handler.SimpleUrlHandlerMapping  : Mapped URL path [/**/favicon.ico] onto handler of type [class org.springframework.web.servlet.resource.ResourceHttpRequestHandler]
2019-09-04 10:09:00.114 ERROR 22062 --- [           main] .d.e.r.s.AbstractElasticsearchRepository : failed to load elasticsearch nodes : org.elasticsearch.client.transport.NoNodeAvailableException: None of the configured nodes are available: [{#transport#-1}{CJ5I5is0QwO5fQiZEcOZzA}{gordianknot}{192.168.56.101:9300}]
2019-09-04 10:09:00.199  INFO 22062 --- [           main] s.w.s.m.m.a.RequestMappingHandlerAdapter : Looking for @ControllerAdvice: org.springframework.web.context.support.GenericWebApplicationContext@16eb3ea3: startup date [Wed Sep 04 10:08:57 CST 2019]; root of context hierarchy
2019-09-04 10:09:00.279  INFO 22062 --- [           main] s.w.s.m.m.a.RequestMappingHandlerMapping : Mapped "{[/error]}" onto public org.springframework.http.ResponseEntity<java.util.Map<java.lang.String, java.lang.Object>> org.springframework.boot.autoconfigure.web.servlet.error.BasicErrorController.error(javax.servlet.http.HttpServletRequest)
2019-09-04 10:09:00.281  INFO 22062 --- [           main] s.w.s.m.m.a.RequestMappingHandlerMapping : Mapped "{[/error],produces=[text/html]}" onto public org.springframework.web.servlet.ModelAndView org.springframework.boot.autoconfigure.web.servlet.error.BasicErrorController.errorHtml(javax.servlet.http.HttpServletRequest,javax.servlet.http.HttpServletResponse)
2019-09-04 10:09:00.318  INFO 22062 --- [           main] o.s.w.s.handler.SimpleUrlHandlerMapping  : Mapped URL path [/webjars/**] onto handler of type [class org.springframework.web.servlet.resource.ResourceHttpRequestHandler]
2019-09-04 10:09:00.318  INFO 22062 --- [           main] o.s.w.s.handler.SimpleUrlHandlerMapping  : Mapped URL path [/**] onto handler of type [class org.springframework.web.servlet.resource.ResourceHttpRequestHandler]
2019-09-04 10:09:00.499  INFO 22062 --- [           main] com.aaron.mongodb.ArticleTest            : Started ArticleTest in 3.264 seconds (JVM running for 3.892)
]]></system-out>
  </testcase>
  <testcase name="testAdd" classname="com.aaron.mongodb.ArticleTest" time="0.063">
    <error message="None of the configured nodes are available: [{#transport#-1}{CJ5I5is0QwO5fQiZEcOZzA}{gordianknot}{192.168.56.101:9300}]" type="org.elasticsearch.client.transport.NoNodeAvailableException">org.elasticsearch.client.transport.NoNodeAvailableException: None of the configured nodes are available: [{#transport#-1}{CJ5I5is0QwO5fQiZEcOZzA}{gordianknot}{192.168.56.101:9300}]
	at com.aaron.mongodb.ArticleTest.testAdd(ArticleTest.java:30)
</error>
  </testcase>
  <testcase name="testQuery" classname="com.aaron.mongodb.ArticleTest" time="0.02">
    <error message="None of the configured nodes are available: [{#transport#-1}{CJ5I5is0QwO5fQiZEcOZzA}{gordianknot}{192.168.56.101:9300}]" type="org.elasticsearch.client.transport.NoNodeAvailableException">org.elasticsearch.client.transport.NoNodeAvailableException: None of the configured nodes are available: [{#transport#-1}{CJ5I5is0QwO5fQiZEcOZzA}{gordianknot}{192.168.56.101:9300}]
	at com.aaron.mongodb.ArticleTest.testQuery(ArticleTest.java:43)
</error>
  </testcase>
  <testcase name="testList" classname="com.aaron.mongodb.ArticleTest" time="0.004">
    <error message="None of the configured nodes are available: [{#transport#-1}{CJ5I5is0QwO5fQiZEcOZzA}{gordianknot}{192.168.56.101:9300}]" type="org.elasticsearch.client.transport.NoNodeAvailableException">org.elasticsearch.client.transport.NoNodeAvailableException: None of the configured nodes are available: [{#transport#-1}{CJ5I5is0QwO5fQiZEcOZzA}{gordianknot}{192.168.56.101:9300}]
	at com.aaron.mongodb.ArticleTest.testList(ArticleTest.java:35)
</error>
  </testcase>
  <testcase name="testQueryByOr" classname="com.aaron.mongodb.ArticleTest" time="0.002">
    <error message="None of the configured nodes are available: [{#transport#-1}{CJ5I5is0QwO5fQiZEcOZzA}{gordianknot}{192.168.56.101:9300}]" type="org.elasticsearch.client.transport.NoNodeAvailableException">org.elasticsearch.client.transport.NoNodeAvailableException: None of the configured nodes are available: [{#transport#-1}{CJ5I5is0QwO5fQiZEcOZzA}{gordianknot}{192.168.56.101:9300}]
	at com.aaron.mongodb.ArticleTest.testQueryByOr(ArticleTest.java:80)
</error>
  </testcase>
  <testcase name="testQueryBySid" classname="com.aaron.mongodb.ArticleTest" time="0.002">
    <error message="None of the configured nodes are available: [{#transport#-1}{CJ5I5is0QwO5fQiZEcOZzA}{gordianknot}{192.168.56.101:9300}]" type="org.elasticsearch.client.transport.NoNodeAvailableException">org.elasticsearch.client.transport.NoNodeAvailableException: None of the configured nodes are available: [{#transport#-1}{CJ5I5is0QwO5fQiZEcOZzA}{gordianknot}{192.168.56.101:9300}]
	at com.aaron.mongodb.ArticleTest.testQueryBySid(ArticleTest.java:72)
</error>
  </testcase>
  <testcase name="testQueryTitleCount" classname="com.aaron.mongodb.ArticleTest" time="0.003">
    <error message="None of the configured nodes are available: [{#transport#-1}{CJ5I5is0QwO5fQiZEcOZzA}{gordianknot}{192.168.56.101:9300}]" type="org.elasticsearch.client.transport.NoNodeAvailableException">org.elasticsearch.client.transport.NoNodeAvailableException: None of the configured nodes are available: [{#transport#-1}{CJ5I5is0QwO5fQiZEcOZzA}{gordianknot}{192.168.56.101:9300}]
	at com.aaron.mongodb.ArticleTest.testQueryTitleCount(ArticleTest.java:67)
</error>
  </testcase>
  <testcase name="testQueryByPage" classname="com.aaron.mongodb.ArticleTest" time="0.002">
    <error message="None of the configured nodes are available: [{#transport#-1}{CJ5I5is0QwO5fQiZEcOZzA}{gordianknot}{192.168.56.101:9300}]" type="org.elasticsearch.client.transport.NoNodeAvailableException">org.elasticsearch.client.transport.NoNodeAvailableException: None of the configured nodes are available: [{#transport#-1}{CJ5I5is0QwO5fQiZEcOZzA}{gordianknot}{192.168.56.101:9300}]
	at com.aaron.mongodb.ArticleTest.testQueryByPage(ArticleTest.java:51)
</error>
  </testcase>
</testsuite>